     1                                  ; haribote-ipl
     2                                  ; TAB=4
     3                                  
     4                                  CYLS	EQU		10				; どこまで読み込むか
     5                                  
     6                                  		ORG		0x7c00			; このプログラムがどこに読み込まれるのか
     7                                  
     8                                  ; 以下は標準的なFAT12フォーマットフロッピーディスクのための記述
     9                                  
    10 00000000 EB4E                    		JMP		entry
    11 00000002 90                      		DB		0x90
    12 00000003 48415249424F5445        		DB		"HARIBOTE"		; ブートセクタの名前を自由に書いてよい（8バイト）
    13 0000000B 0002                    		DW		512				; 1セクタの大きさ（512にしなければいけない）
    14 0000000D 01                      		DB		1				; クラスタの大きさ（1セクタにしなければいけない）
    15 0000000E 0100                    		DW		1				; FATがどこから始まるか（普通は1セクタ目からにする）
    16 00000010 02                      		DB		2				; FATの個数（2にしなければいけない）
    17 00000011 E000                    		DW		224				; ルートディレクトリ領域の大きさ（普通は224エントリにする）
    18 00000013 400B                    		DW		2880			; このドライブの大きさ（2880セクタにしなければいけない）
    19 00000015 F0                      		DB		0xf0			; メディアのタイプ（0xf0にしなければいけない）
    20 00000016 0900                    		DW		9				; FAT領域の長さ（9セクタにしなければいけない）
    21 00000018 1200                    		DW		18				; 1トラックにいくつのセクタがあるか（18にしなければいけない）
    22 0000001A 0200                    		DW		2				; ヘッドの数（2にしなければいけない）
    23 0000001C 00000000                		DD		0				; パーティションを使ってないのでここは必ず0
    24 00000020 400B0000                		DD		2880			; このドライブ大きさをもう一度書く
    25 00000024 000029                  		DB		0,0,0x29		; よくわからないけどこの値にしておくといいらしい
    26 00000027 FFFFFFFF                		DD		0xffffffff		; たぶんボリュームシリアル番号
    27 0000002B 48415249424F54454F-     		DB		"HARIBOTEOS "	; ディスクの名前（11バイト）
    27 00000034 5320               
    28 00000036 4641543132202020        		DB		"FAT12   "		; フォーマットの名前（8バイト）
    29                                  		;RESB	18				; とりあえず18バイトあけておく
    30 0000003E 00<rep 12h>             		TIMES	18 DB 0		; NASMでは警告が出るので修正
    31                                  
    32                                  ; プログラム本体
    33                                  
    34                                  entry:
    35 00000050 B80000                  		MOV		AX,0			; レジスタ初期化
    36 00000053 8ED0                    		MOV		SS,AX
    37 00000055 BC007C                  		MOV		SP,0x7c00
    38 00000058 8ED8                    		MOV		DS,AX
    39                                  
    40                                  ; ディスクを読む
    41                                  
    42 0000005A B82008                  		MOV		AX,0x0820
    43 0000005D 8EC0                    		MOV		ES,AX
    44 0000005F B500                    		MOV		CH,0			; シリンダ0
    45 00000061 B600                    		MOV		DH,0			; ヘッド0
    46 00000063 B102                    		MOV		CL,2			; セクタ2
    47                                  readloop:
    48 00000065 BE0000                  		MOV		SI,0			; 失敗回数を数えるレジスタ
    49                                  retry:
    50 00000068 B402                    		MOV		AH,0x02			; AH=0x02 : ディスク読み込み
    51 0000006A B001                    		MOV		AL,1			; 1セクタ
    52 0000006C BB0000                  		MOV		BX,0
    53 0000006F B200                    		MOV		DL,0x00			; Aドライブ
    54 00000071 CD13                    		INT		0x13			; ディスクBIOS呼び出し
    55 00000073 7310                    		JNC		next			; エラーがおきなければnextへ
    56 00000075 83C601                  		ADD		SI,1			; SIに1を足す
    57 00000078 83FE05                  		CMP		SI,5			; SIと5を比較
    58 0000007B 7332                    		JAE		error			; SI >= 5 だったらerrorへ
    59 0000007D B400                    		MOV		AH,0x00
    60 0000007F B200                    		MOV		DL,0x00			; Aドライブ
    61 00000081 CD13                    		INT		0x13			; ドライブのリセット
    62 00000083 EBE3                    		JMP		retry
    63                                  next:
    64 00000085 8CC0                    		MOV		AX,ES			; アドレスを0x200進める
    65 00000087 83C020                  		ADD		AX,0x0020
    66 0000008A 8EC0                    		MOV		ES,AX			; ADD ES,0x020 という命令がないのでこうしている
    67 0000008C 80C101                  		ADD		CL,1			; CLに1を足す
    68 0000008F 80F912                  		CMP		CL,18			; CLと18を比較
    69 00000092 76D1                    		JBE		readloop		; CL <= 18 だったらreadloopへ
    70 00000094 B101                    		MOV		CL,1
    71 00000096 80C601                  		ADD		DH,1
    72 00000099 80FE02                  		CMP		DH,2
    73 0000009C 72C7                    		JB		readloop		; DH < 2 だったらreadloopへ
    74 0000009E B600                    		MOV		DH,0
    75 000000A0 80C501                  		ADD		CH,1
    76 000000A3 80FD0A                  		CMP		CH,CYLS
    77 000000A6 72BD                    		JB		readloop		; CH < CYLS だったらreadloopへ
    78                                  
    79                                  ; 読み終わったのでharibote.sysを実行だ！
    80                                  
    81 000000A8 882EF00F                		MOV		[0x0ff0],CH		; IPLがどこまで読んだのかをメモ
    82 000000AC E9(00C2)                		JMP		0xc200
    83                                  
    84                                  error:
    85 000000AF BE[C700]                		MOV		SI,msg
    86                                  putloop:
    87 000000B2 8A04                    		MOV		AL,[SI]
    88 000000B4 83C601                  		ADD		SI,1			; SIに1を足す
    89 000000B7 3C00                    		CMP		AL,0
    90 000000B9 7409                    		JE		fin
    91 000000BB B40E                    		MOV		AH,0x0e			; 一文字表示ファンクション
    92 000000BD BB0F00                  		MOV		BX,15			; カラーコード
    93 000000C0 CD10                    		INT		0x10			; ビデオBIOS呼び出し
    94 000000C2 EBEE                    		JMP		putloop
    95                                  fin:
    96 000000C4 F4                      		HLT						; 何かあるまでCPUを停止させる
    97 000000C5 EBFD                    		JMP		fin				; 無限ループ
    98                                  msg:
    99 000000C7 0A0A                    		DB		0x0a, 0x0a		; 改行を2つ
   100 000000C9 6C6F6164206572726F-     		DB		"load error"
   100 000000D2 72                 
   101 000000D3 0A                      		DB		0x0a			; 改行
   102 000000D4 00                      		DB		0
   103                                  
   104                                  		;RESB	0x7dfe-$		; 0x7dfeまでを0x00で埋める命令
   105 000000D5 00<rep 129h>            		TIMES	0x1fe-($-$$) DB 0	;NASM用に修正 $から$-$$に、RESBからTIMES DB0へ
   106                                  
   107 000001FE 55AA                    		DB		0x55, 0xaa
